This is pdfTeX, Version 3.141592653-2.6-1.40.25 (TeX Live 2023) (preloaded format=pdflatex 2023.3.21)  24 MAR 2023 14:42
entering extended mode
 restricted \write18 enabled.
 %&-line parsing enabled.
**bookdown_math3014-6027.tex
(./bookdown_math3014-6027.tex
LaTeX2e <2022-11-01> patch level 1
L3 programming layer <2023-02-22> (/Users/davew/Library/TinyTeX/texmf-dist/tex/latex/base/book.cls
Document Class: book 2022/07/02 v1.4n Standard LaTeX document class
(/Users/davew/Library/TinyTeX/texmf-dist/tex/latex/base/bk10.clo
File: bk10.clo 2022/07/02 v1.4n Standard LaTeX file (size option)
)
\c@part=\count185
\c@chapter=\count186
\c@section=\count187
\c@subsection=\count188
\c@subsubsection=\count189
\c@paragraph=\count190
\c@subparagraph=\count191
\c@figure=\count192
\c@table=\count193
\abovecaptionskip=\skip48
\belowcaptionskip=\skip49
\bibindent=\dimen140
) (/Users/davew/Library/TinyTeX/texmf-dist/tex/latex/amsmath/amsmath.sty
Package: amsmath 2022/04/08 v2.17n AMS math features
\@mathmargin=\skip50
For additional information on amsmath, use the `?' option.
(/Users/davew/Library/TinyTeX/texmf-dist/tex/latex/amsmath/amstext.sty
Package: amstext 2021/08/26 v2.01 AMS text
(/Users/davew/Library/TinyTeX/texmf-dist/tex/latex/amsmath/amsgen.sty
File: amsgen.sty 1999/11/30 v2.0 generic functions
\@emptytoks=\toks16
\ex@=\dimen141
)) (/Users/davew/Library/TinyTeX/texmf-dist/tex/latex/amsmath/amsbsy.sty
Package: amsbsy 1999/11/29 v1.2d Bold Symbols
\pmbraise@=\dimen142
) (/Users/davew/Library/TinyTeX/texmf-dist/tex/latex/amsmath/amsopn.sty
Package: amsopn 2022/04/08 v2.04 operator names
)
\inf@bad=\count194
LaTeX Info: Redefining \frac on input line 234.
\uproot@=\count195
\leftroot@=\count196
LaTeX Info: Redefining \overline on input line 399.
LaTeX Info: Redefining \colon on input line 410.
\classnum@=\count197
\DOTSCASE@=\count198
LaTeX Info: Redefining \ldots on input line 496.
LaTeX Info: Redefining \dots on input line 499.
LaTeX Info: Redefining \cdots on input line 620.
\Mathstrutbox@=\box51
\strutbox@=\box52
LaTeX Info: Redefining \big on input line 722.
LaTeX Info: Redefining \Big on input line 723.
LaTeX Info: Redefining \bigg on input line 724.
LaTeX Info: Redefining \Bigg on input line 725.
\big@size=\dimen143
LaTeX Font Info:    Redeclaring font encoding OML on input line 743.
LaTeX Font Info:    Redeclaring font encoding OMS on input line 744.
\macc@depth=\count199
LaTeX Info: Redefining \bmod on input line 905.
LaTeX Info: Redefining \pmod on input line 910.
LaTeX Info: Redefining \smash on input line 940.
LaTeX Info: Redefining \relbar on input line 970.
LaTeX Info: Redefining \Relbar on input line 971.
\c@MaxMatrixCols=\count266
\dotsspace@=\muskip16
\c@parentequation=\count267
\dspbrk@lvl=\count268
\tag@help=\toks17
\row@=\count269
\column@=\count270
\maxfields@=\count271
\andhelp@=\toks18
\eqnshift@=\dimen144
\alignsep@=\dimen145
\tagshift@=\dimen146
\tagwidth@=\dimen147
\totwidth@=\dimen148
\lineht@=\dimen149
\@envbody=\toks19
\multlinegap=\skip51
\multlinetaggap=\skip52
\mathdisplay@stack=\toks20
LaTeX Info: Redefining \[ on input line 2953.
LaTeX Info: Redefining \] on input line 2954.
) (/Users/davew/Library/TinyTeX/texmf-dist/tex/latex/amsfonts/amssymb.sty
Package: amssymb 2013/01/14 v3.01 AMS font symbols
(/Users/davew/Library/TinyTeX/texmf-dist/tex/latex/amsfonts/amsfonts.sty
Package: amsfonts 2013/01/14 v3.01 Basic AMSFonts support
\symAMSa=\mathgroup4
\symAMSb=\mathgroup5
LaTeX Font Info:    Redeclaring math symbol \hbar on input line 98.
LaTeX Font Info:    Overwriting math alphabet `\mathfrak' in version `bold'
(Font)                  U/euf/m/n --> U/euf/b/n on input line 106.
)) (/Users/davew/Library/TinyTeX/texmf-dist/tex/latex/lm/lmodern.sty
Package: lmodern 2015/05/01 v1.6.1 Latin Modern Fonts
LaTeX Font Info:    Overwriting symbol font `operators' in version `normal'
(Font)                  OT1/cmr/m/n --> OT1/lmr/m/n on input line 22.
LaTeX Font Info:    Overwriting symbol font `letters' in version `normal'
(Font)                  OML/cmm/m/it --> OML/lmm/m/it on input line 23.
LaTeX Font Info:    Overwriting symbol font `symbols' in version `normal'
(Font)                  OMS/cmsy/m/n --> OMS/lmsy/m/n on input line 24.
LaTeX Font Info:    Overwriting symbol font `largesymbols' in version `normal'
(Font)                  OMX/cmex/m/n --> OMX/lmex/m/n on input line 25.
LaTeX Font Info:    Overwriting symbol font `operators' in version `bold'
(Font)                  OT1/cmr/bx/n --> OT1/lmr/bx/n on input line 26.
LaTeX Font Info:    Overwriting symbol font `letters' in version `bold'
(Font)                  OML/cmm/b/it --> OML/lmm/b/it on input line 27.
LaTeX Font Info:    Overwriting symbol font `symbols' in version `bold'
(Font)                  OMS/cmsy/b/n --> OMS/lmsy/b/n on input line 28.
LaTeX Font Info:    Overwriting symbol font `largesymbols' in version `bold'
(Font)                  OMX/cmex/m/n --> OMX/lmex/m/n on input line 29.
LaTeX Font Info:    Overwriting math alphabet `\mathbf' in version `normal'
(Font)                  OT1/cmr/bx/n --> OT1/lmr/bx/n on input line 31.
LaTeX Font Info:    Overwriting math alphabet `\mathsf' in version `normal'
(Font)                  OT1/cmss/m/n --> OT1/lmss/m/n on input line 32.
LaTeX Font Info:    Overwriting math alphabet `\mathit' in version `normal'
(Font)                  OT1/cmr/m/it --> OT1/lmr/m/it on input line 33.
LaTeX Font Info:    Overwriting math alphabet `\mathtt' in version `normal'
(Font)                  OT1/cmtt/m/n --> OT1/lmtt/m/n on input line 34.
LaTeX Font Info:    Overwriting math alphabet `\mathbf' in version `bold'
(Font)                  OT1/cmr/bx/n --> OT1/lmr/bx/n on input line 35.
LaTeX Font Info:    Overwriting math alphabet `\mathsf' in version `bold'
(Font)                  OT1/cmss/bx/n --> OT1/lmss/bx/n on input line 36.
LaTeX Font Info:    Overwriting math alphabet `\mathit' in version `bold'
(Font)                  OT1/cmr/bx/it --> OT1/lmr/bx/it on input line 37.
LaTeX Font Info:    Overwriting math alphabet `\mathtt' in version `bold'
(Font)                  OT1/cmtt/m/n --> OT1/lmtt/m/n on input line 38.
) (/Users/davew/Library/TinyTeX/texmf-dist/tex/generic/iftex/iftex.sty
Package: iftex 2022/02/03 v1.0f TeX engine tests
) (/Users/davew/Library/TinyTeX/texmf-dist/tex/latex/base/fontenc.sty
Package: fontenc 2021/04/29 v2.0v Standard LaTeX package
LaTeX Font Info:    Trying to load font information for T1+lmr on input line 112.
(/Users/davew/Library/TinyTeX/texmf-dist/tex/latex/lm/t1lmr.fd
File: t1lmr.fd 2015/05/01 v1.6.1 Font defs for Latin Modern
)) (/Users/davew/Library/TinyTeX/texmf-dist/tex/latex/base/inputenc.sty
Package: inputenc 2021/02/14 v1.3d Input encoding file
\inpenc@prehook=\toks21
\inpenc@posthook=\toks22
) (/Users/davew/Library/TinyTeX/texmf-dist/tex/latex/base/textcomp.sty
Package: textcomp 2020/02/02 v2.0n Standard LaTeX package
) (/Users/davew/Library/TinyTeX/texmf-dist/tex/latex/upquote/upquote.sty
Package: upquote 2012/04/19 v1.3 upright-quote and grave-accent glyphs in verbatim
) (/Users/davew/Library/TinyTeX/texmf-dist/tex/latex/microtype/microtype.sty
Package: microtype 2023/03/13 v3.1a Micro-typographical refinements (RS)
(/Users/davew/Library/TinyTeX/texmf-dist/tex/latex/graphics/keyval.sty
Package: keyval 2022/05/29 v1.15 key=value parser (DPC)
\KV@toks@=\toks23
) (/Users/davew/Library/TinyTeX/texmf-dist/tex/latex/etoolbox/etoolbox.sty
Package: etoolbox 2020/10/05 v2.5k e-TeX tools for LaTeX (JAW)
\etb@tempcnta=\count272
)
\MT@toks=\toks24
\MT@tempbox=\box53
\MT@count=\count273
LaTeX Info: Redefining \noprotrusionifhmode on input line 1059.
LaTeX Info: Redefining \leftprotrusion on input line 1060.
\MT@prot@toks=\toks25
LaTeX Info: Redefining \rightprotrusion on input line 1078.
LaTeX Info: Redefining \textls on input line 1368.
\MT@outer@kern=\dimen150
LaTeX Info: Redefining \textmicrotypecontext on input line 1988.
\MT@listname@count=\count274
(/Users/davew/Library/TinyTeX/texmf-dist/tex/latex/microtype/microtype-pdftex.def
File: microtype-pdftex.def 2023/03/13 v3.1a Definitions specific to pdftex (RS)
LaTeX Info: Redefining \lsstyle on input line 902.
LaTeX Info: Redefining \lslig on input line 902.
\MT@outer@space=\skip53
)
Package microtype Info: Loading configuration file microtype.cfg.
(/Users/davew/Library/TinyTeX/texmf-dist/tex/latex/microtype/microtype.cfg
File: microtype.cfg 2023/03/13 v3.1a microtype main configuration file (RS)
)) (/Users/davew/Library/TinyTeX/texmf-dist/tex/latex/parskip/parskip.sty
Package: parskip 2021-03-14 v2.0h non-zero parskip adjustments
(/Users/davew/Library/TinyTeX/texmf-dist/tex/latex/kvoptions/kvoptions.sty
Package: kvoptions 2022-06-15 v3.15 Key value format for package options (HO)
(/Users/davew/Library/TinyTeX/texmf-dist/tex/generic/ltxcmds/ltxcmds.sty
Package: ltxcmds 2020-05-10 v1.25 LaTeX kernel commands for general use (HO)
) (/Users/davew/Library/TinyTeX/texmf-dist/tex/latex/kvsetkeys/kvsetkeys.sty
Package: kvsetkeys 2022-10-05 v1.19 Key value parser (HO)
))) (/Users/davew/Library/TinyTeX/texmf-dist/tex/latex/xcolor/xcolor.sty
Package: xcolor 2022/06/12 v2.14 LaTeX color extensions (UK)
(/Users/davew/Library/TinyTeX/texmf-dist/tex/latex/graphics-cfg/color.cfg
File: color.cfg 2016/01/02 v1.6 sample color configuration
)
Package xcolor Info: Driver file: pdftex.def on input line 227.
(/Users/davew/Library/TinyTeX/texmf-dist/tex/latex/graphics-def/pdftex.def
File: pdftex.def 2022/09/22 v1.2b Graphics/color driver for pdftex
) (/Users/davew/Library/TinyTeX/texmf-dist/tex/latex/graphics/mathcolor.ltx)
Package xcolor Info: Model `cmy' substituted by `cmy0' on input line 1353.
Package xcolor Info: Model `hsb' substituted by `rgb' on input line 1357.
Package xcolor Info: Model `RGB' extended on input line 1369.
Package xcolor Info: Model `HTML' substituted by `rgb' on input line 1371.
Package xcolor Info: Model `Hsb' substituted by `hsb' on input line 1372.
Package xcolor Info: Model `tHsb' substituted by `hsb' on input line 1373.
Package xcolor Info: Model `HSB' substituted by `hsb' on input line 1374.
Package xcolor Info: Model `Gray' substituted by `gray' on input line 1375.
Package xcolor Info: Model `wave' substituted by `hsb' on input line 1376.
) (/Users/davew/Library/TinyTeX/texmf-dist/tex/latex/fancyvrb/fancyvrb.sty
Package: fancyvrb 2023/01/19 4.5a verbatim text (tvz,hv)
\FV@CodeLineNo=\count275
\FV@InFile=\read2
\FV@TabBox=\box54
\c@FancyVerbLine=\count276
\FV@StepNumber=\count277
\FV@OutFile=\write3
) (/Users/davew/Library/TinyTeX/texmf-dist/tex/latex/framed/framed.sty
Package: framed 2011/10/22 v 0.96: framed or shaded text with page breaks
\OuterFrameSep=\skip54
\fb@frw=\dimen151
\fb@frh=\dimen152
\FrameRule=\dimen153
\FrameSep=\dimen154
) (/Users/davew/Library/TinyTeX/texmf-dist/tex/latex/tools/longtable.sty
Package: longtable 2021-09-01 v4.17 Multi-page Table package (DPC)
\LTleft=\skip55
\LTright=\skip56
\LTpre=\skip57
\LTpost=\skip58
\LTchunksize=\count278
\LTcapwidth=\dimen155
\LT@head=\box55
\LT@firsthead=\box56
\LT@foot=\box57
\LT@lastfoot=\box58
\LT@gbox=\box59
\LT@cols=\count279
\LT@rows=\count280
\c@LT@tables=\count281
\c@LT@chunks=\count282
\LT@p@ftn=\toks26
) (/Users/davew/Library/TinyTeX/texmf-dist/tex/latex/booktabs/booktabs.sty
Package: booktabs 2020/01/12 v1.61803398 Publication quality tables
\heavyrulewidth=\dimen156
\lightrulewidth=\dimen157
\cmidrulewidth=\dimen158
\belowrulesep=\dimen159
\belowbottomsep=\dimen160
\aboverulesep=\dimen161
\abovetopsep=\dimen162
\cmidrulesep=\dimen163
\cmidrulekern=\dimen164
\defaultaddspace=\dimen165
\@cmidla=\count283
\@cmidlb=\count284
\@aboverulesep=\dimen166
\@belowrulesep=\dimen167
\@thisruleclass=\count285
\@lastruleclass=\count286
\@thisrulewidth=\dimen168
) (/Users/davew/Library/TinyTeX/texmf-dist/tex/latex/tools/array.sty
Package: array 2022/09/04 v2.5g Tabular extension package (FMi)
\col@sep=\dimen169
\ar@mcellbox=\box60
\extrarowheight=\dimen170
\NC@list=\toks27
\extratabsurround=\skip59
\backup@length=\skip60
\ar@cellbox=\box61
) (/Users/davew/Library/TinyTeX/texmf-dist/tex/latex/tools/calc.sty
Package: calc 2017/05/25 v4.3 Infix arithmetic (KKT,FJ)
\calc@Acount=\count287
\calc@Bcount=\count288
\calc@Adimen=\dimen171
\calc@Bdimen=\dimen172
\calc@Askip=\skip61
\calc@Bskip=\skip62
LaTeX Info: Redefining \setlength on input line 80.
LaTeX Info: Redefining \addtolength on input line 81.
\calc@Ccount=\count289
\calc@Cskip=\skip63
) (/Users/davew/Library/TinyTeX/texmf-dist/tex/latex/mdwtools/footnote.sty
Package: footnote 1997/01/28 1.13 Save footnotes around boxes
\fn@notes=\box62
\fn@width=\dimen173
) (/Users/davew/Library/TinyTeX/texmf-dist/tex/latex/graphics/graphicx.sty
Package: graphicx 2021/09/16 v1.2d Enhanced LaTeX Graphics (DPC,SPQR)
(/Users/davew/Library/TinyTeX/texmf-dist/tex/latex/graphics/graphics.sty
Package: graphics 2022/03/10 v1.4e Standard LaTeX Graphics (DPC,SPQR)
(/Users/davew/Library/TinyTeX/texmf-dist/tex/latex/graphics/trig.sty
Package: trig 2021/08/11 v1.11 sin cos tan (DPC)
) (/Users/davew/Library/TinyTeX/texmf-dist/tex/latex/graphics-cfg/graphics.cfg
File: graphics.cfg 2016/06/04 v1.11 sample graphics configuration
)
Package graphics Info: Driver file: pdftex.def on input line 107.
)
\Gin@req@height=\dimen174
\Gin@req@width=\dimen175
) (/Users/davew/Library/TinyTeX/texmf-dist/tex/latex/natbib/natbib.sty
Package: natbib 2010/09/13 8.31b (PWD, AO)
\bibhang=\skip64
\bibsep=\skip65
LaTeX Info: Redefining \cite on input line 694.
\c@NAT@ctr=\count290
) (/Users/davew/Library/TinyTeX/texmf-dist/tex/latex/bookmark/bookmark.sty
Package: bookmark 2020-11-06 v1.29 PDF bookmarks (HO)
(/Users/davew/Library/TinyTeX/texmf-dist/tex/latex/hyperref/hyperref.sty
Package: hyperref 2023-02-07 v7.00v Hypertext links for LaTeX
(/Users/davew/Library/TinyTeX/texmf-dist/tex/generic/pdftexcmds/pdftexcmds.sty
Package: pdftexcmds 2020-06-27 v0.33 Utility functions of pdfTeX for LuaTeX (HO)
(/Users/davew/Library/TinyTeX/texmf-dist/tex/generic/infwarerr/infwarerr.sty
Package: infwarerr 2019/12/03 v1.5 Providing info/warning/error messages (HO)
)
Package pdftexcmds Info: \pdf@primitive is available.
Package pdftexcmds Info: \pdf@ifprimitive is available.
Package pdftexcmds Info: \pdfdraftmode found.
) (/Users/davew/Library/TinyTeX/texmf-dist/tex/generic/kvdefinekeys/kvdefinekeys.sty
Package: kvdefinekeys 2019-12-19 v1.6 Define keys (HO)
) (/Users/davew/Library/TinyTeX/texmf-dist/tex/generic/pdfescape/pdfescape.sty
Package: pdfescape 2019/12/09 v1.15 Implements pdfTeX's escape features (HO)
) (/Users/davew/Library/TinyTeX/texmf-dist/tex/latex/hycolor/hycolor.sty
Package: hycolor 2020-01-27 v1.10 Color options for hyperref/bookmark (HO)
) (/Users/davew/Library/TinyTeX/texmf-dist/tex/latex/letltxmacro/letltxmacro.sty
Package: letltxmacro 2019/12/03 v1.6 Let assignment for LaTeX macros (HO)
) (/Users/davew/Library/TinyTeX/texmf-dist/tex/latex/auxhook/auxhook.sty
Package: auxhook 2019-12-17 v1.6 Hooks for auxiliary files (HO)
) (/Users/davew/Library/TinyTeX/texmf-dist/tex/latex/hyperref/nameref.sty
Package: nameref 2022-05-17 v2.50 Cross-referencing by name of section
(/Users/davew/Library/TinyTeX/texmf-dist/tex/latex/refcount/refcount.sty
Package: refcount 2019/12/15 v3.6 Data extraction from label references (HO)
) (/Users/davew/Library/TinyTeX/texmf-dist/tex/generic/gettitlestring/gettitlestring.sty
Package: gettitlestring 2019/12/15 v1.6 Cleanup title references (HO)
)
\c@section@level=\count291
)
\@linkdim=\dimen176
\Hy@linkcounter=\count292
\Hy@pagecounter=\count293
(/Users/davew/Library/TinyTeX/texmf-dist/tex/latex/hyperref/pd1enc.def
File: pd1enc.def 2023-02-07 v7.00v Hyperref: PDFDocEncoding definition (HO)
Now handling font encoding PD1 ...
... no UTF-8 mapping file for font encoding PD1
) (/Users/davew/Library/TinyTeX/texmf-dist/tex/generic/intcalc/intcalc.sty
Package: intcalc 2019/12/15 v1.3 Expandable calculations with integers (HO)
) (/Users/davew/Library/TinyTeX/texmf-dist/tex/generic/etexcmds/etexcmds.sty
Package: etexcmds 2019/12/15 v1.7 Avoid name clashes with e-TeX commands (HO)
)
\Hy@SavedSpaceFactor=\count294
(/Users/davew/Library/TinyTeX/texmf-dist/tex/latex/hyperref/puenc.def
File: puenc.def 2023-02-07 v7.00v Hyperref: PDF Unicode definition (HO)
Now handling font encoding PU ...
... no UTF-8 mapping file for font encoding PU
)
Package hyperref Info: Option `unicode' set `true' on input line 4060.
Package hyperref Info: Hyper figures OFF on input line 4177.
Package hyperref Info: Link nesting OFF on input line 4182.
Package hyperref Info: Hyper index ON on input line 4185.
Package hyperref Info: Plain pages OFF on input line 4192.
Package hyperref Info: Backreferencing OFF on input line 4197.
Package hyperref Info: Implicit mode ON; LaTeX internals redefined.
Package hyperref Info: Bookmarks ON on input line 4425.
\c@Hy@tempcnt=\count295
(/Users/davew/Library/TinyTeX/texmf-dist/tex/latex/url/url.sty
\Urlmuskip=\muskip17
Package: url 2013/09/16  ver 3.4  Verb mode for urls, etc.
)
LaTeX Info: Redefining \url on input line 4763.
\XeTeXLinkMargin=\dimen177
(/Users/davew/Library/TinyTeX/texmf-dist/tex/generic/bitset/bitset.sty
Package: bitset 2019/12/09 v1.3 Handle bit-vector datatype (HO)
(/Users/davew/Library/TinyTeX/texmf-dist/tex/generic/bigintcalc/bigintcalc.sty
Package: bigintcalc 2019/12/15 v1.5 Expandable calculations on big integers (HO)
))
\Fld@menulength=\count296
\Field@Width=\dimen178
\Fld@charsize=\dimen179
Package hyperref Info: Hyper figures OFF on input line 6042.
Package hyperref Info: Link nesting OFF on input line 6047.
Package hyperref Info: Hyper index ON on input line 6050.
Package hyperref Info: backreferencing OFF on input line 6057.
Package hyperref Info: Link coloring OFF on input line 6062.
Package hyperref Info: Link coloring with OCG OFF on input line 6067.
Package hyperref Info: PDF/A mode OFF on input line 6072.
(/Users/davew/Library/TinyTeX/texmf-dist/tex/latex/base/atbegshi-ltx.sty
Package: atbegshi-ltx 2021/01/10 v1.0c Emulation of the original atbegshi
package with kernel methods
)
\Hy@abspage=\count297
\c@Item=\count298
\c@Hfootnote=\count299
)
Package hyperref Info: Driver (autodetected): hpdftex.
(/Users/davew/Library/TinyTeX/texmf-dist/tex/latex/hyperref/hpdftex.def
File: hpdftex.def 2023-02-07 v7.00v Hyperref driver for pdfTeX
(/Users/davew/Library/TinyTeX/texmf-dist/tex/latex/base/atveryend-ltx.sty
Package: atveryend-ltx 2020/08/19 v1.0a Emulation of the original atveryend package
with kernel methods
)
\Fld@listcount=\count300
\c@bookmark@seq@number=\count301
(/Users/davew/Library/TinyTeX/texmf-dist/tex/latex/rerunfilecheck/rerunfilecheck.sty
Package: rerunfilecheck 2022-07-10 v1.10 Rerun checks for auxiliary files (HO)
(/Users/davew/Library/TinyTeX/texmf-dist/tex/generic/uniquecounter/uniquecounter.sty
Package: uniquecounter 2019/12/15 v1.4 Provide unlimited unique counter (HO)
)
Package uniquecounter Info: New unique counter `rerunfilecheck' on input line 285.
)
\Hy@SectionHShift=\skip66
) (/Users/davew/Library/TinyTeX/texmf-dist/tex/latex/bookmark/bkm-pdftex.def
File: bkm-pdftex.def 2020-11-06 v1.29 bookmark driver for pdfTeX (HO)
\BKM@id=\count302
)) (/Users/davew/Library/TinyTeX/texmf-dist/tex/latex/amscls/amsthm.sty
Package: amsthm 2020/05/29 v2.20.6
\thm@style=\toks28
\thm@bodyfont=\toks29
\thm@headfont=\toks30
\thm@notefont=\toks31
\thm@headpunct=\toks32
\thm@preskip=\skip67
\thm@postskip=\skip68
\thm@headsep=\skip69
\dth@everypar=\toks33
)
\c@theorem=\count303
\c@lemma=\count304
\c@corollary=\count305
\c@proposition=\count306
\c@conjecture=\count307
\c@definition=\count308
\c@example=\count309
\c@exercise=\count310
\c@hypothesis=\count311
(/Users/davew/Library/TinyTeX/texmf-dist/tex/latex/l3backend/l3backend-pdftex.def
File: l3backend-pdftex.def 2023-01-16 L3 backend support: PDF output (pdfTeX)
\l__color_backend_stack_int=\count312
\l__pdf_internal_box=\box63
) (./bookdown_math3014-6027.aux)
\openout1 = `bookdown_math3014-6027.aux'.

LaTeX Font Info:    Checking defaults for OML/cmm/m/it on input line 139.
LaTeX Font Info:    ... okay on input line 139.
LaTeX Font Info:    Checking defaults for OMS/cmsy/m/n on input line 139.
LaTeX Font Info:    ... okay on input line 139.
LaTeX Font Info:    Checking defaults for OT1/cmr/m/n on input line 139.
LaTeX Font Info:    ... okay on input line 139.
LaTeX Font Info:    Checking defaults for T1/cmr/m/n on input line 139.
LaTeX Font Info:    ... okay on input line 139.
LaTeX Font Info:    Checking defaults for TS1/cmr/m/n on input line 139.
LaTeX Font Info:    ... okay on input line 139.
LaTeX Font Info:    Checking defaults for OMX/cmex/m/n on input line 139.
LaTeX Font Info:    ... okay on input line 139.
LaTeX Font Info:    Checking defaults for U/cmr/m/n on input line 139.
LaTeX Font Info:    ... okay on input line 139.
LaTeX Font Info:    Checking defaults for PD1/pdf/m/n on input line 139.
LaTeX Font Info:    ... okay on input line 139.
LaTeX Font Info:    Checking defaults for PU/pdf/m/n on input line 139.
LaTeX Font Info:    ... okay on input line 139.
LaTeX Info: Redefining \microtypecontext on input line 139.
Package microtype Info: Applying patch `item' on input line 139.
Package microtype Info: Applying patch `toc' on input line 139.
Package microtype Info: Applying patch `eqnum' on input line 139.
Package microtype Info: Applying patch `footnote' on input line 139.
Package microtype Info: Applying patch `verbatim' on input line 139.
Package microtype Info: Generating PDF output.
Package microtype Info: Character protrusion enabled (level 2).
Package microtype Info: Using protrusion set `basicmath'.
Package microtype Info: Automatic font expansion enabled (level 2),
(microtype)             stretch: 20, shrink: 20, step: 1, non-selected.
Package microtype Info: Using default expansion set `alltext-nott'.
LaTeX Info: Redefining \showhyphens on input line 139.
Package microtype Info: No adjustment of tracking.
Package microtype Info: No adjustment of interword spacing.
Package microtype Info: No adjustment of character kerning.
(/Users/davew/Library/TinyTeX/texmf-dist/tex/latex/microtype/mt-cmr.cfg
File: mt-cmr.cfg 2013/05/19 v2.2 microtype config. file: Computer Modern Roman (RS)
) (/Users/davew/Library/TinyTeX/texmf-dist/tex/latex/epstopdf-pkg/epstopdf-base.sty
Package: epstopdf-base 2020-01-24 v2.11 Base part for package epstopdf
Package epstopdf-base Info: Redefining graphics rule for `.eps' on input line 485.
(/Users/davew/Library/TinyTeX/texmf-dist/tex/latex/latexconfig/epstopdf-sys.cfg
File: epstopdf-sys.cfg 2010/07/13 v1.3 Configuration of (r)epstopdf for TeX Live
))
Package hyperref Info: Link coloring OFF on input line 139.
LaTeX Font Info:    Trying to load font information for OT1+lmr on input line 141.
(/Users/davew/Library/TinyTeX/texmf-dist/tex/latex/lm/ot1lmr.fd
File: ot1lmr.fd 2015/05/01 v1.6.1 Font defs for Latin Modern
)
LaTeX Font Info:    Trying to load font information for OML+lmm on input line 141.
(/Users/davew/Library/TinyTeX/texmf-dist/tex/latex/lm/omllmm.fd
File: omllmm.fd 2015/05/01 v1.6.1 Font defs for Latin Modern
)
LaTeX Font Info:    Trying to load font information for OMS+lmsy on input line 141.
(/Users/davew/Library/TinyTeX/texmf-dist/tex/latex/lm/omslmsy.fd
File: omslmsy.fd 2015/05/01 v1.6.1 Font defs for Latin Modern
)
LaTeX Font Info:    Trying to load font information for OMX+lmex on input line 141.
(/Users/davew/Library/TinyTeX/texmf-dist/tex/latex/lm/omxlmex.fd
File: omxlmex.fd 2015/05/01 v1.6.1 Font defs for Latin Modern
)
LaTeX Font Info:    External font `lmex10' loaded for size
(Font)              <12> on input line 141.
LaTeX Font Info:    External font `lmex10' loaded for size
(Font)              <8> on input line 141.
LaTeX Font Info:    External font `lmex10' loaded for size
(Font)              <6> on input line 141.
LaTeX Font Info:    Trying to load font information for U+msa on input line 141.
(/Users/davew/Library/TinyTeX/texmf-dist/tex/latex/amsfonts/umsa.fd
File: umsa.fd 2013/01/14 v3.01 AMS symbols A
) (/Users/davew/Library/TinyTeX/texmf-dist/tex/latex/microtype/mt-msa.cfg
File: mt-msa.cfg 2006/02/04 v1.1 microtype config. file: AMS symbols (a) (RS)
)
LaTeX Font Info:    Trying to load font information for U+msb on input line 141.
(/Users/davew/Library/TinyTeX/texmf-dist/tex/latex/amsfonts/umsb.fd
File: umsb.fd 2013/01/14 v3.01 AMS symbols B
) (/Users/davew/Library/TinyTeX/texmf-dist/tex/latex/microtype/mt-msb.cfg
File: mt-msb.cfg 2005/06/01 v1.0 microtype config. file: AMS symbols (b) (RS)
) [1


{/Users/davew/Library/TinyTeX/texmf-var/fonts/map/pdftex/updmap/pdftex.map}{/Users/davew/Library/TinyTeX/texmf-dist/fonts/enc/dvips/lm/lm-ec.enc}] [2

] (./bookdown_math3014-6027.toc
LaTeX Font Info:    External font `lmex10' loaded for size
(Font)              <10> on input line 3.
LaTeX Font Info:    External font `lmex10' loaded for size
(Font)              <7> on input line 3.
LaTeX Font Info:    External font `lmex10' loaded for size
(Font)              <5> on input line 3.
[3])
\tf@toc=\write4
\openout4 = `bookdown_math3014-6027.toc'.

[4] [5

] [6

]
Chapter 1.
LaTeX Font Info:    Trying to load font information for TS1+lmr on input line 184.
(/Users/davew/Library/TinyTeX/texmf-dist/tex/latex/lm/ts1lmr.fd
File: ts1lmr.fd 2015/05/01 v1.6.1 Font defs for Latin Modern
) [7{/Users/davew/Library/TinyTeX/texmf-dist/fonts/enc/dvips/lm/lm-mathit.enc}{/Users/davew/Library/TinyTeX/texmf-dist/fonts/enc/dvips/lm/lm-ts1.enc}]
<figures/broadbalk.jpg, id=154, 3276.24pt x 2457.18pt>
File: figures/broadbalk.jpg Graphic file (type jpg)
<use figures/broadbalk.jpg>
Package pdftex.def Info: figures/broadbalk.jpg  used on input line 215.
(pdftex.def)             Requested size: 258.70514pt x 194.02885pt.
[8 <./figures/broadbalk.jpg>] [9{/Users/davew/Library/TinyTeX/texmf-dist/fonts/enc/dvips/lm/lm-rm.enc}{/Users/davew/Library/TinyTeX/texmf-dist/fonts/enc/dvips/lm/lm-mathsy.enc}{/Users/davew/Library/TinyTeX/texmf-dist/fonts/enc/dvips/lm/lm-mathex.enc}
pdfTeX warning (ext4): destination with the same identifier (name{equation.1.1.2}) has been already used, duplicate ignored
<argument> ...shipout:D \box_use:N \l_shipout_box 
                                                  \__shipout_drop_firstpage_...
l.314 \end{equation*}
                     ]
Overfull \hbox (10.26472pt too wide) detected at line 352
\OT1/lmr/m/n/10 (\OML/lmm/m/it/10 X[]X\OT1/lmr/m/n/10 )[] = [] []  \OML/lmm/m/it/10 ;  X[][] \OT1/lmr/m/n/10 = []  \OML/lmm/m/it/10 :
 []

LaTeX Font Info:    Trying to load font information for T1+lmtt on input line 370.
(/Users/davew/Library/TinyTeX/texmf-dist/tex/latex/lm/t1lmtt.fd
File: t1lmtt.fd 2015/05/01 v1.6.1 Font defs for Latin Modern
) [10] [11]
LaTeX Font Info:    Font shape `T1/lmtt/bx/n' in size <10> not available
(Font)              Font shape `T1/lmtt/b/n' tried instead on input line 454.
<bookdown_math3014-6027_files/figure-latex/simple-efficiency-1.pdf, id=213, 436.63126pt x 248.93pt>
File: bookdown_math3014-6027_files/figure-latex/simple-efficiency-1.pdf Graphic file (type pdf)
<use bookdown_math3014-6027_files/figure-latex/simple-efficiency-1.pdf>
Package pdftex.def Info: bookdown_math3014-6027_files/figure-latex/simple-efficiency-1.pdf  used on input line 461.
(pdftex.def)             Requested size: 345.00154pt x 196.69052pt.
[12 <./bookdown_math3014-6027_files/figure-latex/simple-efficiency-1.pdf>] [13] [14] [15
pdfTeX warning (ext4): destination with the same identifier (name{equation.1.5.12}) has been already used, duplicate ignored
<argument> ...shipout:D \box_use:N \l_shipout_box 
                                                  \__shipout_drop_firstpage_...
l.677 \end{align*}
                  ]
pdfTeX warning (ext4): destination with the same identifier (name{equation.1.5.12}) has been already used, duplicate ignored
<to be read again> 
                   \relax 
l.746 \end{align}
                  [16] [17] [18]
Overfull \hbox (22.49893pt too wide) in paragraph at lines 837--837
[]\T1/lmtt/m/n/10 ## [1] "Milk first" "Milk first" "Tea first"  "Tea first"  "Tea first"[] 
 []

[19]
Overfull \hbox (83.4391pt too wide) detected at line 935
[]
 []

[20]
Overfull \hbox (8.38263pt too wide) in paragraph at lines 1027--1027
[]|\T1/lmr/m/n/10 (-20) Regression|  
 []


Overfull \hbox (44.81064pt too wide) in paragraph at lines 1027--1028
 []|$[] \OML/lmm/m/it/10 =\OT1/lmr/m/n/10 (-20) (\OML/lmm/m/it/10 p[] \OT1/lmr/m/n/10 (-20) + 
 []

[21]
Overfull \hbox (90.68951pt too wide) detected at line 1055
[]
 []


Overfull \hbox (8.38263pt too wide) in paragraph at lines 1074--1074
[]|\T1/lmr/m/n/10 (-20) Regression|  
 []


Overfull \hbox (38.60216pt too wide) in paragraph at lines 1074--1075
 []|$[] \OML/lmm/m/it/10 =\OT1/lmr/m/n/10 (-20) (\OML/lmm/m/it/10 p[] \OT1/lmr/m/n/10 (-20) + 
 []


Overfull \hbox (43.50427pt too wide) in paragraph at lines 1075--1076
 []|$[] \OML/lmm/m/it/10 =p[]$| 
 []


Overfull \hbox (69.4189pt too wide) in paragraph at lines 1076--1077
 []|$[] \OML/lmm/m/it/10 =p[]$| 
 []

[22]
Overfull \hbox (102.70386pt too wide) detected at line 1103
[]
 []


Overfull \hbox (8.38263pt too wide) in paragraph at lines 1124--1124
 []|\T1/lmr/m/n/10 (-20) Regression| 
 []


Overfull \hbox (38.60216pt too wide) in paragraph at lines 1124--1125
 []|$[] \OML/lmm/m/it/10 =\OT1/lmr/m/n/10 (-20) (\OML/lmm/m/it/10 p[] \OT1/lmr/m/n/10 (-20) + 
 []


Overfull \hbox (95.17656pt too wide) in paragraph at lines 1125--1126
 []|$[] \OML/lmm/m/it/10 =p[]$| 
 []


Overfull \hbox (69.4189pt too wide) in paragraph at lines 1126--1127
 []|$[] \OML/lmm/m/it/10 =p[]$| 
 []

[23] [24

]
Chapter 2.
[25]
<bookdown_math3014-6027_files/figure-latex/pulp-boxplot-1.pdf, id=374, 436.63126pt x 253.94875pt>
File: bookdown_math3014-6027_files/figure-latex/pulp-boxplot-1.pdf Graphic file (type pdf)
<use bookdown_math3014-6027_files/figure-latex/pulp-boxplot-1.pdf>
Package pdftex.def Info: bookdown_math3014-6027_files/figure-latex/pulp-boxplot-1.pdf  used on input line 1193.
(pdftex.def)             Requested size: 345.00154pt x 200.65605pt.

Underfull \vbox (badness 10000) has occurred while \output is active []

[26 <./bookdown_math3014-6027_files/figure-latex/pulp-boxplot-1.pdf>] [27] [28] [29] [30]

Package amsmath Warning: Foreign command \atopwithdelims;
(amsmath)                \frac or \genfrac should be used instead
(amsmath)                 on input line 1388.

[31] [32]
LaTeX Font Info:    Trying to load font information for TS1+lmtt on input line 1522.
(/Users/davew/Library/TinyTeX/texmf-dist/tex/latex/lm/ts1lmtt.fd
File: ts1lmtt.fd 2015/05/01 v1.6.1 Font defs for Latin Modern
) [33]
Overfull \hbox (21.24904pt too wide) in paragraph at lines 1560--1560
 []\T1/lmtt/m/n/10 ## Signif. codes:  0 \TS1/lmtt/m/n/10 '\T1/lmtt/m/n/10 ***\TS1/lmtt/m/n/10 ' \T1/lmtt/m/n/10 0.001 \TS1/lmtt/m/n/10 '\T1/lmtt/m/n/10 **\TS1/lmtt/m/n/10 ' \T1/lmtt/m/n/10 0.01 \TS1/lmtt/m/n/10 '\T1/lmtt/m/n/10 *\TS1/lmtt/m/n/10 ' \T1/lmtt/m/n/10 0.05 \TS1/lmtt/m/n/10 '\T1/lmtt/m/n/10 .\TS1/lmtt/m/n/10 ' \T1/lmtt/m/n/10 0.1 \TS1/lmtt/m/n/10 ' ' \T1/lmtt/m/n/10 1[] 
 []

[34] [35]
Overfull \hbox (13.63884pt too wide) detected at line 1672
[]
 []

[36]
Overfull \hbox (63.24892pt too wide) in paragraph at lines 1718--1718
 []\T1/lmtt/m/n/10 ## P value adjustment: tukey method for comparing a family of 4 estimates[] 
 []


Overfull \hbox (74.99878pt too wide) in paragraph at lines 1747--1747
[]\T1/lmtt/m/n/10 ##                contrast estimate     SE df t.ratio Bonf.p.value Tukey.p.value[] 
 []


Overfull \hbox (74.99878pt too wide) in paragraph at lines 1747--1747
[]\T1/lmtt/m/n/10 ## 1 operator1 - operator2     0.18 0.2062 16  0.8731      1.00000       0.81854[] 
 []


Overfull \hbox (74.99878pt too wide) in paragraph at lines 1747--1747
[]\T1/lmtt/m/n/10 ## 2 operator1 - operator3    -0.38 0.2062 16 -1.8433      0.50336       0.29030[] 
 []


Overfull \hbox (74.99878pt too wide) in paragraph at lines 1747--1747
[]\T1/lmtt/m/n/10 ## 3 operator1 - operator4    -0.44 0.2062 16 -2.1343      0.29182       0.18448[] 
 []


Overfull \hbox (74.99878pt too wide) in paragraph at lines 1747--1747
[]\T1/lmtt/m/n/10 ## 4 operator2 - operator3    -0.56 0.2062 16 -2.7164      0.09150       0.06579[] 
 []


Overfull \hbox (74.99878pt too wide) in paragraph at lines 1747--1747
[]\T1/lmtt/m/n/10 ## 5 operator2 - operator4    -0.62 0.2062 16 -3.0074      0.05009       0.03767[] 
 []


Overfull \hbox (74.99878pt too wide) in paragraph at lines 1747--1747
[]\T1/lmtt/m/n/10 ## 6 operator3 - operator4    -0.06 0.2062 16 -0.2910      1.00000       0.99108[] 
 []

[37] [38] [39] [40] [41] [42]
Overfull \hbox (89.24464pt too wide) in paragraph at lines 2004--2021
[][] 
 []

[43] [44] [45]
<bookdown_math3014-6027_files/figure-latex/napblack-summary-1.pdf, id=605, 436.63126pt x 248.93pt>
File: bookdown_math3014-6027_files/figure-latex/napblack-summary-1.pdf Graphic file (type pdf)
<use bookdown_math3014-6027_files/figure-latex/napblack-summary-1.pdf>
Package pdftex.def Info: bookdown_math3014-6027_files/figure-latex/napblack-summary-1.pdf  used on input line 2191.
(pdftex.def)             Requested size: 345.00154pt x 196.69052pt.
[46 <./bookdown_math3014-6027_files/figure-latex/napblack-summary-1.pdf>]
Overfull \hbox (21.24904pt too wide) in paragraph at lines 2230--2230
 []\T1/lmtt/m/n/10 ## Signif. codes:  0 \TS1/lmtt/m/n/10 '\T1/lmtt/m/n/10 ***\TS1/lmtt/m/n/10 ' \T1/lmtt/m/n/10 0.001 \TS1/lmtt/m/n/10 '\T1/lmtt/m/n/10 **\TS1/lmtt/m/n/10 ' \T1/lmtt/m/n/10 0.01 \TS1/lmtt/m/n/10 '\T1/lmtt/m/n/10 *\TS1/lmtt/m/n/10 ' \T1/lmtt/m/n/10 0.05 \TS1/lmtt/m/n/10 '\T1/lmtt/m/n/10 .\TS1/lmtt/m/n/10 ' \T1/lmtt/m/n/10 0.1 \TS1/lmtt/m/n/10 ' ' \T1/lmtt/m/n/10 1[] 
 []

[47]
<bookdown_math3014-6027_files/figure-latex/residuals-1.pdf, id=629, 439.6425pt x 201.75375pt>
File: bookdown_math3014-6027_files/figure-latex/residuals-1.pdf Graphic file (type pdf)
<use bookdown_math3014-6027_files/figure-latex/residuals-1.pdf>
Package pdftex.def Info: bookdown_math3014-6027_files/figure-latex/residuals-1.pdf  used on input line 2252.
(pdftex.def)             Requested size: 345.01279pt x 158.32777pt.
<bookdown_math3014-6027_files/figure-latex/normalplot-1.pdf, id=632, 248.93pt x 248.93pt>
File: bookdown_math3014-6027_files/figure-latex/normalplot-1.pdf Graphic file (type pdf)
<use bookdown_math3014-6027_files/figure-latex/normalplot-1.pdf>
Package pdftex.def Info: bookdown_math3014-6027_files/figure-latex/normalplot-1.pdf  used on input line 2272.
(pdftex.def)             Requested size: 248.93317pt x 248.93317pt.
[48 <./bookdown_math3014-6027_files/figure-latex/residuals-1.pdf>] [49 <./bookdown_math3014-6027_files/figure-latex/normalplot-1.pdf>]
Overfull \hbox (63.24892pt too wide) in paragraph at lines 2315--2315
 []\T1/lmtt/m/n/10 ## P value adjustment: tukey method for comparing a family of 6 estimates[] 
 []

[50] [51] [52]
Chapter 3.
[53

]
<bookdown_math3014-6027_files/figure-latex/bar-expt-boxplots-1.pdf, id=699, 436.63126pt x 248.93pt>
File: bookdown_math3014-6027_files/figure-latex/bar-expt-boxplots-1.pdf Graphic file (type pdf)
<use bookdown_math3014-6027_files/figure-latex/bar-expt-boxplots-1.pdf>
Package pdftex.def Info: bookdown_math3014-6027_files/figure-latex/bar-expt-boxplots-1.pdf  used on input line 2482.
(pdftex.def)             Requested size: 345.00154pt x 196.69052pt.
<bookdown_math3014-6027_files/figure-latex/bar-expt-boxplots-2.pdf, id=700, 436.63126pt x 250.9375pt>
File: bookdown_math3014-6027_files/figure-latex/bar-expt-boxplots-2.pdf Graphic file (type pdf)
<use bookdown_math3014-6027_files/figure-latex/bar-expt-boxplots-2.pdf>
Package pdftex.def Info: bookdown_math3014-6027_files/figure-latex/bar-expt-boxplots-2.pdf  used on input line 2482.
(pdftex.def)             Requested size: 345.00154pt x 198.27673pt.
[54] [55 <./bookdown_math3014-6027_files/figure-latex/bar-expt-boxplots-1.pdf> <./bookdown_math3014-6027_files/figure-latex/bar-expt-boxplots-2.pdf>]
<bookdown_math3014-6027_files/figure-latex/tyre-expt-boxplots-1.pdf, id=738, 434.62375pt x 248.93pt>
File: bookdown_math3014-6027_files/figure-latex/tyre-expt-boxplots-1.pdf Graphic file (type pdf)
<use bookdown_math3014-6027_files/figure-latex/tyre-expt-boxplots-1.pdf>
Package pdftex.def Info: bookdown_math3014-6027_files/figure-latex/tyre-expt-boxplots-1.pdf  used on input line 2546.
(pdftex.def)             Requested size: 345.0202pt x 197.60973pt.
<bookdown_math3014-6027_files/figure-latex/tyre-expt-boxplots-2.pdf, id=739, 434.62375pt x 250.9375pt>
File: bookdown_math3014-6027_files/figure-latex/tyre-expt-boxplots-2.pdf Graphic file (type pdf)
<use bookdown_math3014-6027_files/figure-latex/tyre-expt-boxplots-2.pdf>
Package pdftex.def Info: bookdown_math3014-6027_files/figure-latex/tyre-expt-boxplots-2.pdf  used on input line 2546.
(pdftex.def)             Requested size: 345.0202pt x 199.20334pt.
[56] [57 <./bookdown_math3014-6027_files/figure-latex/tyre-expt-boxplots-1.pdf> <./bookdown_math3014-6027_files/figure-latex/tyre-expt-boxplots-2.pdf>] [58]
Overfull \hbox (6.47676pt too wide) detected at line 2617
 []$[]  \OML/lmm/m/it/10 X[]X[]\OT1/lmr/m/n/10 (\OML/lmm/m/it/10 X[]X[]\OT1/lmr/m/n/10 )[]\OML/lmm/m/it/10 X[][][][] \OT1/lmr/m/n/10 + \OML/lmm/m/it/10 X[]X[]\OT1/lmr/m/n/10 (\OML/lmm/m/it/10 X[]X[]\OT1/lmr/m/n/10 )[]\OML/lmm/m/it/10 X[]X[][] \OT1/lmr/m/n/10 + \OML/lmm/m/it/10 X[]X[]\OT1/lmr/m/n/10 (\OML/lmm/m/it/10 X[]X[]\OT1/lmr/m/n/10 )[]\OML/lmm/m/it/10 X[]X[][]$ 
 []

[59] [60] [61]
Overfull \hbox (11.4363pt too wide) in paragraph at lines 2764--2764
[]|\T1/lmr/m/n/10 (-20) Treatments|  
 []

[62] [63] [64] [65]
Overfull \hbox (9.15253pt too wide) detected at line 2981
[]
 []

[66] [67] [68]
Overfull \hbox (85.49875pt too wide) in paragraph at lines 3115--3115
[]\T1/lmtt/m/n/10 ##      [,1] [,2] [,3] [,4] [,5] [,6] [,7] [,8] [,9] [,10] [,11] [,12] [,13] [,14][] 
 []


Overfull \hbox (85.49875pt too wide) in paragraph at lines 3115--3115
[]\T1/lmtt/m/n/10 ## [1,]    0    0    1    1    0    0    0    1    1     1     1     1     0     0[] 
 []


Overfull \hbox (85.49875pt too wide) in paragraph at lines 3115--3115
[]\T1/lmtt/m/n/10 ## [2,]    1    0    0    0    0    0    1    0    0     1     1     1     1     1[] 
 []


Overfull \hbox (85.49875pt too wide) in paragraph at lines 3115--3115
[]\T1/lmtt/m/n/10 ## [3,]    0    0    0    1    0    1    1    1    1     0     0     0     1     1[] 
 []


Overfull \hbox (85.49875pt too wide) in paragraph at lines 3115--3115
[]\T1/lmtt/m/n/10 ## [4,]    1    0    1    1    1    1    0    0    0     0     0     1     0     1[] 
 []


Overfull \hbox (85.49875pt too wide) in paragraph at lines 3115--3115
[]\T1/lmtt/m/n/10 ## [5,]    0    1    0    0    1    1    0    0    1     0     1     1     1     0[] 
 []


Overfull \hbox (85.49875pt too wide) in paragraph at lines 3115--3115
[]\T1/lmtt/m/n/10 ## [6,]    0    1    1    0    1    0    1    0    1     1     0     0     0     1[] 
 []


Overfull \hbox (85.49875pt too wide) in paragraph at lines 3115--3115
[]\T1/lmtt/m/n/10 ## [7,]    1    1    0    1    1    0    0    1    0     1     0     0     1     0[] 
 []


Overfull \hbox (85.49875pt too wide) in paragraph at lines 3115--3115
[]\T1/lmtt/m/n/10 ## [8,]    1    1    1    0    0    1    1    1    0     0     1     0     0     0[] 
 []


Underfull \vbox (badness 2452) has occurred while \output is active []

[69] [70] [71]
Overfull \hbox (38.24889pt too wide) in paragraph at lines 3243--3243
[]\T1/lmtt/m/n/10 ## P value adjustment: tukey method for comparing a family of 4 estimates[] 
 []


Underfull \vbox (badness 10000) has occurred while \output is active []

[72] [73]
Overfull \hbox (21.24904pt too wide) in paragraph at lines 3322--3322
 []\T1/lmtt/m/n/10 ## Signif. codes:  0 \TS1/lmtt/m/n/10 '\T1/lmtt/m/n/10 ***\TS1/lmtt/m/n/10 ' \T1/lmtt/m/n/10 0.001 \TS1/lmtt/m/n/10 '\T1/lmtt/m/n/10 **\TS1/lmtt/m/n/10 ' \T1/lmtt/m/n/10 0.01 \TS1/lmtt/m/n/10 '\T1/lmtt/m/n/10 *\TS1/lmtt/m/n/10 ' \T1/lmtt/m/n/10 0.05 \TS1/lmtt/m/n/10 '\T1/lmtt/m/n/10 .\TS1/lmtt/m/n/10 ' \T1/lmtt/m/n/10 0.1 \TS1/lmtt/m/n/10 ' ' \T1/lmtt/m/n/10 1[] 
 []

[74]
Overfull \hbox (27.15186pt too wide) in paragraph at lines 3380--3393
 [][] 
 []

[75]
<bookdown_math3014-6027_files/figure-latex/ex2-eda-1.pdf, id=966, 436.63126pt x 248.93pt>
File: bookdown_math3014-6027_files/figure-latex/ex2-eda-1.pdf Graphic file (type pdf)
<use bookdown_math3014-6027_files/figure-latex/ex2-eda-1.pdf>
Package pdftex.def Info: bookdown_math3014-6027_files/figure-latex/ex2-eda-1.pdf  used on input line 3446.
(pdftex.def)             Requested size: 345.00154pt x 196.69052pt.
<bookdown_math3014-6027_files/figure-latex/ex2-eda-2.pdf, id=967, 436.63126pt x 248.93pt>
File: bookdown_math3014-6027_files/figure-latex/ex2-eda-2.pdf Graphic file (type pdf)
<use bookdown_math3014-6027_files/figure-latex/ex2-eda-2.pdf>
Package pdftex.def Info: bookdown_math3014-6027_files/figure-latex/ex2-eda-2.pdf  used on input line 3446.
(pdftex.def)             Requested size: 345.00154pt x 196.69052pt.
[76 <./bookdown_math3014-6027_files/figure-latex/ex2-eda-1.pdf> <./bookdown_math3014-6027_files/figure-latex/ex2-eda-2.pdf>]
<bookdown_math3014-6027_files/figure-latex/ex2-interaction-1.pdf, id=987, 436.63126pt x 248.93pt>
File: bookdown_math3014-6027_files/figure-latex/ex2-interaction-1.pdf Graphic file (type pdf)
<use bookdown_math3014-6027_files/figure-latex/ex2-interaction-1.pdf>
Package pdftex.def Info: bookdown_math3014-6027_files/figure-latex/ex2-interaction-1.pdf  used on input line 3467.
(pdftex.def)             Requested size: 345.00154pt x 196.69052pt.

Overfull \hbox (21.24904pt too wide) in paragraph at lines 3495--3495
 []\T1/lmtt/m/n/10 ## Signif. codes:  0 \TS1/lmtt/m/n/10 '\T1/lmtt/m/n/10 ***\TS1/lmtt/m/n/10 ' \T1/lmtt/m/n/10 0.001 \TS1/lmtt/m/n/10 '\T1/lmtt/m/n/10 **\TS1/lmtt/m/n/10 ' \T1/lmtt/m/n/10 0.01 \TS1/lmtt/m/n/10 '\T1/lmtt/m/n/10 *\TS1/lmtt/m/n/10 ' \T1/lmtt/m/n/10 0.05 \TS1/lmtt/m/n/10 '\T1/lmtt/m/n/10 .\TS1/lmtt/m/n/10 ' \T1/lmtt/m/n/10 0.1 \TS1/lmtt/m/n/10 ' ' \T1/lmtt/m/n/10 1[] 
 []

[77 <./bookdown_math3014-6027_files/figure-latex/ex2-interaction-1.pdf>]
<bookdown_math3014-6027_files/figure-latex/ex2-residual-plots-1-1.pdf, id=1003, 448.67625pt x 136.51pt>
File: bookdown_math3014-6027_files/figure-latex/ex2-residual-plots-1-1.pdf Graphic file (type pdf)
<use bookdown_math3014-6027_files/figure-latex/ex2-residual-plots-1-1.pdf>
Package pdftex.def Info: bookdown_math3014-6027_files/figure-latex/ex2-residual-plots-1-1.pdf  used on input line 3541.
(pdftex.def)             Requested size: 345.00938pt x 104.96928pt.
<bookdown_math3014-6027_files/figure-latex/ex2-residual-plots-2-1.pdf, id=1005, 248.93pt x 248.93pt>
File: bookdown_math3014-6027_files/figure-latex/ex2-residual-plots-2-1.pdf Graphic file (type pdf)
<use bookdown_math3014-6027_files/figure-latex/ex2-residual-plots-2-1.pdf>
Package pdftex.def Info: bookdown_math3014-6027_files/figure-latex/ex2-residual-plots-2-1.pdf  used on input line 3559.
(pdftex.def)             Requested size: 248.93317pt x 248.93317pt.
[78] [79 <./bookdown_math3014-6027_files/figure-latex/ex2-residual-plots-1-1.pdf> <./bookdown_math3014-6027_files/figure-latex/ex2-residual-plots-2-1.pdf>]
Overfull \hbox (5.49908pt too wide) in paragraph at lines 3597--3597
 []\T1/lmtt/m/n/10 ##  contrast                  estimate   SE df t.ratio p.value[] 
 []


Overfull \hbox (5.49908pt too wide) in paragraph at lines 3597--3597
 []\T1/lmtt/m/n/10 ##  fertilizer1 - fertilizer2    0.250 1.33 15   0.188  1.0000[] 
 []


Overfull \hbox (5.49908pt too wide) in paragraph at lines 3597--3597
 []\T1/lmtt/m/n/10 ##  fertilizer1 - fertilizer3   -1.125 1.33 15  -0.844  0.9541[] 
 []


Overfull \hbox (5.49908pt too wide) in paragraph at lines 3597--3597
 []\T1/lmtt/m/n/10 ##  fertilizer1 - fertilizer4   -1.250 1.33 15  -0.938  0.9303[] 
 []


Overfull \hbox (5.49908pt too wide) in paragraph at lines 3597--3597
 []\T1/lmtt/m/n/10 ##  fertilizer1 - fertilizer5    0.000 1.33 15   0.000  1.0000[] 
 []


Overfull \hbox (5.49908pt too wide) in paragraph at lines 3597--3597
 []\T1/lmtt/m/n/10 ##  fertilizer1 - fertilizer6   -1.500 1.33 15  -1.125  0.8635[] 
 []


Overfull \hbox (5.49908pt too wide) in paragraph at lines 3597--3597
 []\T1/lmtt/m/n/10 ##  fertilizer2 - fertilizer3   -1.375 1.33 15  -1.031  0.9000[] 
 []


Overfull \hbox (5.49908pt too wide) in paragraph at lines 3597--3597
 []\T1/lmtt/m/n/10 ##  fertilizer2 - fertilizer4   -1.500 1.33 15  -1.125  0.8635[] 
 []


Overfull \hbox (5.49908pt too wide) in paragraph at lines 3597--3597
 []\T1/lmtt/m/n/10 ##  fertilizer2 - fertilizer5   -0.250 1.33 15  -0.188  1.0000[] 
 []


Overfull \hbox (5.49908pt too wide) in paragraph at lines 3597--3597
 []\T1/lmtt/m/n/10 ##  fertilizer2 - fertilizer6   -1.750 1.33 15  -1.313  0.7741[] 
 []


Overfull \hbox (5.49908pt too wide) in paragraph at lines 3597--3597
 []\T1/lmtt/m/n/10 ##  fertilizer3 - fertilizer4   -0.125 1.33 15  -0.094  1.0000[] 
 []


Overfull \hbox (5.49908pt too wide) in paragraph at lines 3597--3597
 []\T1/lmtt/m/n/10 ##  fertilizer3 - fertilizer5    1.125 1.33 15   0.844  0.9541[] 
 []


Overfull \hbox (5.49908pt too wide) in paragraph at lines 3597--3597
 []\T1/lmtt/m/n/10 ##  fertilizer3 - fertilizer6   -0.375 1.33 15  -0.281  0.9997[] 
 []


Overfull \hbox (5.49908pt too wide) in paragraph at lines 3597--3597
 []\T1/lmtt/m/n/10 ##  fertilizer4 - fertilizer5    1.250 1.33 15   0.938  0.9303[] 
 []


Overfull \hbox (5.49908pt too wide) in paragraph at lines 3597--3597
 []\T1/lmtt/m/n/10 ##  fertilizer4 - fertilizer6   -0.250 1.33 15  -0.188  1.0000[] 
 []


Overfull \hbox (5.49908pt too wide) in paragraph at lines 3597--3597
 []\T1/lmtt/m/n/10 ##  fertilizer5 - fertilizer6   -1.500 1.33 15  -1.125  0.8635[] 
 []


Overfull \hbox (63.24892pt too wide) in paragraph at lines 3597--3597
 []\T1/lmtt/m/n/10 ## P value adjustment: tukey method for comparing a family of 6 estimates[] 
 []

[80] [81] [82] [83]
Overfull \hbox (21.24904pt too wide) in paragraph at lines 3835--3835
 []\T1/lmtt/m/n/10 ## Signif. codes:  0 \TS1/lmtt/m/n/10 '\T1/lmtt/m/n/10 ***\TS1/lmtt/m/n/10 ' \T1/lmtt/m/n/10 0.001 \TS1/lmtt/m/n/10 '\T1/lmtt/m/n/10 **\TS1/lmtt/m/n/10 ' \T1/lmtt/m/n/10 0.01 \TS1/lmtt/m/n/10 '\T1/lmtt/m/n/10 *\TS1/lmtt/m/n/10 ' \T1/lmtt/m/n/10 0.05 \TS1/lmtt/m/n/10 '\T1/lmtt/m/n/10 .\TS1/lmtt/m/n/10 ' \T1/lmtt/m/n/10 0.1 \TS1/lmtt/m/n/10 ' ' \T1/lmtt/m/n/10 1[] 
 []

[84] [85] [86

]
Chapter 4.
[87]
Overfull \hbox (66.27808pt too wide) in paragraph at lines 3894--3931
 [][] 
 []

[88] [89] [90] [91]

LaTeX Font Warning: Font shape `T1/lmtt/bx/it' in size <10> not available
(Font)              Font shape `T1/lmtt/b/sl' tried instead on input line 4126.

<bookdown_math3014-6027_files/figure-latex/desilylation-me-plots-1.pdf, id=1132, 478.78876pt x 444.66125pt>
File: bookdown_math3014-6027_files/figure-latex/desilylation-me-plots-1.pdf Graphic file (type pdf)
<use bookdown_math3014-6027_files/figure-latex/desilylation-me-plots-1.pdf>
Package pdftex.def Info: bookdown_math3014-6027_files/figure-latex/desilylation-me-plots-1.pdf  used on input line 4153.
(pdftex.def)             Requested size: 344.99796pt x 320.40689pt.
[92] [93 <./bookdown_math3014-6027_files/figure-latex/desilylation-me-plots-1.pdf>]
Overfull \hbox (103.05414pt too wide) detected at line 4194
[][][] \OT1/lmr/m/n/10 = [] []  \OML/lmm/m/it/10 ;
 []

[94]
Overfull \hbox (60.84468pt too wide) in paragraph at lines 4244--4281
 [][] 
 []

[95] [96]
<bookdown_math3014-6027_files/figure-latex/desilylation-2fi-plots-1.pdf, id=1173, 316.18124pt x 457.71pt>
File: bookdown_math3014-6027_files/figure-latex/desilylation-2fi-plots-1.pdf Graphic file (type pdf)
<use bookdown_math3014-6027_files/figure-latex/desilylation-2fi-plots-1.pdf>
Package pdftex.def Info: bookdown_math3014-6027_files/figure-latex/desilylation-2fi-plots-1.pdf  used on input line 4351.
(pdftex.def)             Requested size: 316.19493pt x 457.72984pt.

Overfull \hbox (63.47336pt too wide) detected at line 4374
[]\OT1/lmr/m/n/10 (\OML/lmm/m/it/10 A; B \OMS/lmsy/m/n/10 j \OML/lmm/m/it/10 C\OT1/lmr/m/n/10 +) = [] []
 []

[97] [98 <./bookdown_math3014-6027_files/figure-latex/desilylation-2fi-plots-1.pdf>] [99] [100]
<bookdown_math3014-6027_files/figure-latex/desilylation-effects-plot1-1.pdf, id=1220, 436.63126pt x 248.93pt>
File: bookdown_math3014-6027_files/figure-latex/desilylation-effects-plot1-1.pdf Graphic file (type pdf)
<use bookdown_math3014-6027_files/figure-latex/desilylation-effects-plot1-1.pdf>
Package pdftex.def Info: bookdown_math3014-6027_files/figure-latex/desilylation-effects-plot1-1.pdf  used on input line 4548.
(pdftex.def)             Requested size: 345.00154pt x 196.69052pt.

Overfull \hbox (32.33025pt too wide) has occurred while \output is active
\T1/lmr/m/sl/10 4.3.  NORMAL EFFECT PLOTS FOR UNREPLICATED FACTORIAL DESIGNS \T1/lmr/m/n/10 101
 []

[101] [102 <./bookdown_math3014-6027_files/figure-latex/desilylation-effects-plot1-1.pdf>]
<bookdown_math3014-6027_files/figure-latex/desilylation-half-normal-plot-1.pdf, id=1241, 436.63126pt x 250.9375pt>
File: bookdown_math3014-6027_files/figure-latex/desilylation-half-normal-plot-1.pdf Graphic file (type pdf)
<use bookdown_math3014-6027_files/figure-latex/desilylation-half-normal-plot-1.pdf>
Package pdftex.def Info: bookdown_math3014-6027_files/figure-latex/desilylation-half-normal-plot-1.pdf  used on input line 4567.
(pdftex.def)             Requested size: 345.00154pt x 198.27673pt.

LaTeX Warning: Reference `desilylation-effects-plot1' on page 103 undefined on input line 4576.


Overfull \hbox (32.33025pt too wide) has occurred while \output is active
\T1/lmr/m/sl/10 4.3.  NORMAL EFFECT PLOTS FOR UNREPLICATED FACTORIAL DESIGNS \T1/lmr/m/n/10 103
 []

[103 <./bookdown_math3014-6027_files/figure-latex/desilylation-half-normal-plot-1.pdf>]
Overfull \hbox (30.66649pt too wide) in paragraph at lines 4626--4661
 [][] 
 []


LaTeX Warning: Reference `fig:desilylation-lenth-plot' on page 104 undefined on input line 4665.

<bookdown_math3014-6027_files/figure-latex/desilylation-lenth-plot-1.pdf, id=1268, 461.725pt x 264.99pt>
File: bookdown_math3014-6027_files/figure-latex/desilylation-lenth-plot-1.pdf Graphic file (type pdf)
<use bookdown_math3014-6027_files/figure-latex/desilylation-lenth-plot-1.pdf>
Package pdftex.def Info: bookdown_math3014-6027_files/figure-latex/desilylation-lenth-plot-1.pdf  used on input line 4673.
(pdftex.def)             Requested size: 345.0036pt x 198.00206pt.

Underfull \vbox (badness 1348) has occurred while \output is active []

[104]
Underfull \vbox (badness 10000) has occurred while \output is active []


Overfull \hbox (32.33025pt too wide) has occurred while \output is active
\T1/lmr/m/sl/10 4.3.  NORMAL EFFECT PLOTS FOR UNREPLICATED FACTORIAL DESIGNS \T1/lmr/m/n/10 105
 []

[105 <./bookdown_math3014-6027_files/figure-latex/desilylation-lenth-plot-1.pdf>] [106] [107]
<bookdown_math3014-6027_files/figure-latex/desilylation-effects-1.pdf, id=1307, 436.63126pt x 294.09875pt>
File: bookdown_math3014-6027_files/figure-latex/desilylation-effects-1.pdf Graphic file (type pdf)
<use bookdown_math3014-6027_files/figure-latex/desilylation-effects-1.pdf>
Package pdftex.def Info: bookdown_math3014-6027_files/figure-latex/desilylation-effects-1.pdf  used on input line 4836.
(pdftex.def)             Requested size: 345.00154pt x 232.38033pt.
[108] [109 <./bookdown_math3014-6027_files/figure-latex/desilylation-effects-1.pdf>]
Overfull \hbox (53.99884pt too wide) in paragraph at lines 4952--4952
[]\T1/lmtt/m/n/10 ## Warning in anova.lm(desilylation_reg.lm): ANOVA F-tests on an essentially[] 
 []

[110]
Overfull \vbox (247.45241pt too high) has occurred while \output is active []

[111] [112] [113]
<bookdown_math3014-6027_files/figure-latex/reactor-lenth-1.pdf, id=1363, 461.725pt x 268.00125pt>
File: bookdown_math3014-6027_files/figure-latex/reactor-lenth-1.pdf Graphic file (type pdf)
<use bookdown_math3014-6027_files/figure-latex/reactor-lenth-1.pdf>
Package pdftex.def Info: bookdown_math3014-6027_files/figure-latex/reactor-lenth-1.pdf  used on input line 5222.
(pdftex.def)             Requested size: 345.0036pt x 200.25208pt.
[114 <./bookdown_math3014-6027_files/figure-latex/reactor-lenth-1.pdf>]
<bookdown_math3014-6027_files/figure-latex/reactor-plots-1.pdf, id=1379, 435.6275pt x 292.09125pt>
File: bookdown_math3014-6027_files/figure-latex/reactor-plots-1.pdf Graphic file (type pdf)
<use bookdown_math3014-6027_files/figure-latex/reactor-plots-1.pdf>
Package pdftex.def Info: bookdown_math3014-6027_files/figure-latex/reactor-plots-1.pdf  used on input line 5278.
(pdftex.def)             Requested size: 344.99944pt x 231.32448pt.
<bookdown_math3014-6027_files/figure-latex/reactor-plots-2.pdf, id=1380, 435.6275pt x 292.09125pt>
File: bookdown_math3014-6027_files/figure-latex/reactor-plots-2.pdf Graphic file (type pdf)
<use bookdown_math3014-6027_files/figure-latex/reactor-plots-2.pdf>
Package pdftex.def Info: bookdown_math3014-6027_files/figure-latex/reactor-plots-2.pdf  used on input line 5278.
(pdftex.def)             Requested size: 344.99944pt x 231.32448pt.

Underfull \hbox (badness 10000) in paragraph at lines 5278--5280
[][]
 []


Underfull \hbox (badness 10000) in paragraph at lines 5278--5280
[]
 []


Underfull \vbox (badness 10000) has occurred while \output is active []

[115 <./bookdown_math3014-6027_files/figure-latex/reactor-plots-1.pdf>]
Underfull \vbox (badness 1342) has occurred while \output is active []

[116 <./bookdown_math3014-6027_files/figure-latex/reactor-plots-2.pdf>] [117] [118] [119] [120]
Chapter 5.
[121

] [122] [123] [124]

LaTeX Warning: Reference `eq:eq:block-plm' on page 125 undefined on input line 5783.


Underfull \vbox (badness 1496) has occurred while \output is active []

[125] [126] [127] [128]
Overfull \hbox (29.63661pt too wide) in paragraph at lines 6019--6040
 [][] 
 []


Overfull \hbox (57.32936pt too wide) has occurred while \output is active
\T1/lmr/m/sl/10 5.2.  GENERAL METHOD OF CONSTRUCTING A CONFOUNDED BLOCK DESIGN \T1/lmr/m/n/10 129
 []

[129] [130] [131] [132]
Overfull \hbox (43.49887pt too wide) in paragraph at lines 6219--6219
[]\T1/lmtt/m/n/10 ## (Intercept)           A           B           C         A:B         A:C[] 
 []


Overfull \hbox (43.49887pt too wide) in paragraph at lines 6219--6219
[]\T1/lmtt/m/n/10 ##     5.01042     3.56925     0.33671     3.19592     0.56084     3.75929[] 
 []

[133]
Underfull \hbox (badness 1688) in paragraph at lines 6302--6304
[]$[][] \OT1/lmr/m/n/10 (+20) = \OML/lmm/m/it/10 ABC$\T1/lmr/m/n/10 (+20) , $[][] \OT1/lmr/m/n/10 (+20) = \OML/lmm/m/it/10 DEF$\T1/lmr/m/n/10 (+20) , $[][][][] \OT1/lmr/m/n/10 (+20) = \OML/lmm/m/it/10 ABCDEF$\T1/lmr/m/n/10 (+20) ,
 []

[134] [135] [136] [137] [138] [139]
<bookdown_math3014-6027_files/figure-latex/block-4-lenth-1.pdf, id=1605, 461.725pt x 268.00125pt>
File: bookdown_math3014-6027_files/figure-latex/block-4-lenth-1.pdf Graphic file (type pdf)
<use bookdown_math3014-6027_files/figure-latex/block-4-lenth-1.pdf>
Package pdftex.def Info: bookdown_math3014-6027_files/figure-latex/block-4-lenth-1.pdf  used on input line 6722.
(pdftex.def)             Requested size: 345.0036pt x 200.25208pt.
[140 <./bookdown_math3014-6027_files/figure-latex/block-4-lenth-1.pdf>] [141] [142

]
Chapter 6.
[143] [144] [145]
Underfull \vbox (badness 10000) has occurred while \output is active []

[146] [147]

LaTeX Warning: Reference `exm:Spring-experiment' on page 148 undefined on input line 7017.


Underfull \vbox (badness 3536) has occurred while \output is active []

[148]
Overfull \hbox (59.24883pt too wide) in paragraph at lines 7117--7117
[]\T1/lmtt/m/n/10 ##             A1:C1:D1 A1:C1:E1 A1:D1:E1 B1:C1:D1 B1:C1:E1 B1:D1:E1 C1:D1:E1[] 
 []


Overfull \hbox (22.49893pt too wide) in paragraph at lines 7117--7117
[]\T1/lmtt/m/n/10 ## (Intercept) 0        0        0        0        0        0        0[] 
 []


Overfull \hbox (22.49893pt too wide) in paragraph at lines 7117--7117
[]\T1/lmtt/m/n/10 ## A1          0        0        0        0        0        0        0[] 
 []


Overfull \hbox (22.49893pt too wide) in paragraph at lines 7117--7117
[]\T1/lmtt/m/n/10 ## B1          0        0        0        0        0        0        1[] 
 []


Overfull \hbox (22.49893pt too wide) in paragraph at lines 7117--7117
[]\T1/lmtt/m/n/10 ## C1          0        0        0        0        0        1        0[] 
 []


Overfull \hbox (22.49893pt too wide) in paragraph at lines 7117--7117
[]\T1/lmtt/m/n/10 ## D1          0        0        0        0        1        0        0[] 
 []

[149]
Overfull \hbox (22.49893pt too wide) in paragraph at lines 7117--7117
[]\T1/lmtt/m/n/10 ## E1          0        0        0        1        0        0        0[] 
 []


Overfull \hbox (22.49893pt too wide) in paragraph at lines 7117--7117
[]\T1/lmtt/m/n/10 ## A1:B1       0        0        0        0        0        0        0[] 
 []


Overfull \hbox (22.49893pt too wide) in paragraph at lines 7117--7117
[]\T1/lmtt/m/n/10 ## A1:C1       0        0        0        0        0        0        0[] 
 []


Overfull \hbox (22.49893pt too wide) in paragraph at lines 7117--7117
[]\T1/lmtt/m/n/10 ## A1:D1       0        0        0        0        0        0        0[] 
 []


Overfull \hbox (22.49893pt too wide) in paragraph at lines 7117--7117
[]\T1/lmtt/m/n/10 ## A1:E1       0        0        0        0        0        0        0[] 
 []


Overfull \hbox (22.49893pt too wide) in paragraph at lines 7117--7117
[]\T1/lmtt/m/n/10 ## B1:C1       0        0        0        0        0        0        0[] 
 []


Overfull \hbox (22.49893pt too wide) in paragraph at lines 7117--7117
[]\T1/lmtt/m/n/10 ## B1:D1       0        0        0        0        0        0        0[] 
 []


Overfull \hbox (22.49893pt too wide) in paragraph at lines 7117--7117
[]\T1/lmtt/m/n/10 ## B1:E1       0        0        0        0        0        0        0[] 
 []


Overfull \hbox (22.49893pt too wide) in paragraph at lines 7117--7117
[]\T1/lmtt/m/n/10 ## A1:B1:C1    0        0        1        0        0        0        0[] 
 []


Overfull \hbox (22.49893pt too wide) in paragraph at lines 7117--7117
[]\T1/lmtt/m/n/10 ## A1:B1:D1    0        1        0        0        0        0        0[] 
 []


Overfull \hbox (22.49893pt too wide) in paragraph at lines 7117--7117
[]\T1/lmtt/m/n/10 ## A1:B1:E1    1        0        0        0        0        0        0[] 
 []


Overfull \hbox (43.49887pt too wide) in paragraph at lines 7117--7117
[]\T1/lmtt/m/n/10 ##             A1:B1:C1:D1 A1:B1:C1:E1 A1:B1:D1:E1 A1:C1:D1:E1 B1:C1:D1:E1[] 
 []

[150]
Overfull \hbox (44.61638pt too wide) detected at line 7163
[]
 []


Overfull \hbox (53.99591pt too wide) has occurred while \output is active
\T1/lmr/m/sl/10 6.2.  GENERAL METHOD FOR CHOOSING A FRACTIONAL FACTORIAL DESIGN \T1/lmr/m/n/10 151
 []

[151] [152]
Overfull \hbox (64.49881pt too wide) in paragraph at lines 7242--7242
[]\T1/lmtt/m/n/10 ## [1] "A=BCE=DEF" "B=ACE=CDF" "C=ABE=BDF" "D=AEF=BCF" "E=ABC=ADF" "F=ADE=BCD"[] 
 []


Overfull \hbox (74.99878pt too wide) in paragraph at lines 7242--7242
[]\T1/lmtt/m/n/10 ## [1] "AB=CE"    "AC=BE"    "AD=EF"    "AE=BC=DF" "AF=DE"    "BD=CF"    "BF=CD"[] 
 []


Underfull \vbox (badness 10000) has occurred while \output is active []


Overfull \hbox (53.99591pt too wide) has occurred while \output is active
\T1/lmr/m/sl/10 6.2.  GENERAL METHOD FOR CHOOSING A FRACTIONAL FACTORIAL DESIGN \T1/lmr/m/n/10 153
 []

[153] [154]
Overfull \hbox (64.49881pt too wide) in paragraph at lines 7406--7406
[]\T1/lmtt/m/n/10 ## [1] "A=BCE=BDF" "B=ACE=ADF" "C=ABE=DEF" "D=ABF=CEF" "E=ABC=CDF" "F=ABD=CDE"[] 
 []


Overfull \hbox (74.99878pt too wide) in paragraph at lines 7406--7406
[]\T1/lmtt/m/n/10 ## [1] "AB=CE=DF" "AC=BE"    "AD=BF"    "AE=BC"    "AF=BD"    "CD=EF"    "CF=DE"[] 
 []


Overfull \hbox (64.49881pt too wide) in paragraph at lines 7430--7430
[]\T1/lmtt/m/n/10 ## [1] "A=BCE=BDF" "B=ACE=ADF" "C=ABE=DEF" "D=ABF=CEF" "E=ABC=CDF" "F=ABD=CDE"[] 
 []


Overfull \hbox (74.99878pt too wide) in paragraph at lines 7430--7430
[]\T1/lmtt/m/n/10 ## [1] "AB=CE=DF" "AC=BE"    "AD=BF"    "AE=BC"    "AF=BD"    "CD=EF"    "CF=DE"[] 
 []

[155]
Overfull \vbox (0.61649pt too high) detected at line 7478
 []

[156]
Overfull \hbox (43.49887pt too wide) in paragraph at lines 7485--7485
[]\T1/lmtt/m/n/10 ##       A1       B1       C1       D1       E1    A1:B1    A1:C1    A1:D1[] 
 []


Overfull \hbox (43.49887pt too wide) in paragraph at lines 7485--7485
[]\T1/lmtt/m/n/10 ## -0.26125  0.22125  0.17625  0.02875  0.10375  0.08375 -0.16625  0.05625[] 
 []

[157]
Overfull \hbox (64.49881pt too wide) in paragraph at lines 7573--7573
[]\T1/lmtt/m/n/10 ## [1] "A=BCE=BDF" "B=ACE=ADF" "C=ABE=DEF" "D=ABF=CEF" "E=ABC=CDF" "F=ABD=CDE"[] 
 []


Overfull \hbox (38.24889pt too wide) in paragraph at lines 7583--7583
[]\T1/lmtt/m/n/10 ##  [1] "AB"  "CE"  "DF"  "ACD" "ACF" "ADE" "AEF" "BCD" "BCF" "BDE" "BEF"[] 
 []

[158] [159] [160] [161]
Underfull \hbox (badness 5119) in paragraph at lines 7844--7845
[]\T1/lmr/m/n/10 (+20) The min-i-mum aber-ra-tion res-o-lu-tion V de-sign has defin-ing re-la-tion
 []

[162] (./bookdown_math3014-6027.bbl [163] [164

]) [165] (./bookdown_math3014-6027.aux)

LaTeX Warning: There were undefined references.

 ) 
Here is how much of TeX's memory you used:
 15749 strings out of 477965
 255542 string characters out of 5837600
 1891388 words of memory out of 5000000
 34518 multiletter control sequences out of 15000+600000
 641070 words of font info for 311 fonts, out of 8000000 for 9000
 14 hyphenation exceptions out of 8191
 77i,20n,81p,1019b,769s stack positions out of 10000i,1000n,20000p,200000b,200000s

pdfTeX warning (dest): name{nap-black-ex} has been referenced but does not exist, replaced by a fixed one

</Users/davew/Library/TinyTeX/texmf-dist/fonts/type1/public/lm/lmbx10.pfb></Users/davew/Library/TinyTeX/texmf-dist/fonts/type1/public/lm/lmbx12.pfb></Users/davew/Library/TinyTeX/texmf-dist/fonts/type1/public/lm/lmbx8.pfb></Users/davew/Library/TinyTeX/texmf-dist/fonts/type1/public/lm/lmex10.pfb></Users/davew/Library/TinyTeX/texmf-dist/fonts/type1/public/lm/lmmi10.pfb></Users/davew/Library/TinyTeX/texmf-dist/fonts/type1/public/lm/lmmi5.pfb></Users/davew/Library/TinyTeX/texmf-dist/fonts/type1/public/lm/lmmi6.pfb></Users/davew/Library/TinyTeX/texmf-dist/fonts/type1/public/lm/lmmi7.pfb></Users/davew/Library/TinyTeX/texmf-dist/fonts/type1/public/lm/lmmi8.pfb></Users/davew/Library/TinyTeX/texmf-dist/fonts/type1/public/lm/lmmib10.pfb></Users/davew/Library/TinyTeX/texmf-dist/fonts/type1/public/lm/lmmib7.pfb></Users/davew/Library/TinyTeX/texmf-dist/fonts/type1/public/lm/lmr10.pfb></Users/davew/Library/TinyTeX/texmf-dist/fonts/type1/public/lm/lmr12.pfb></Users/davew/Library/TinyTeX/texmf-dist/fonts/type1/public/lm/lmr17.pfb></Users/davew/Library/TinyTeX/texmf-dist/fonts/type1/public/lm/lmr5.pfb></Users/davew/Library/TinyTeX/texmf-dist/fonts/type1/public/lm/lmr6.pfb></Users/davew/Library/TinyTeX/texmf-dist/fonts/type1/public/lm/lmr7.pfb></Users/davew/Library/TinyTeX/texmf-dist/fonts/type1/public/lm/lmr8.pfb></Users/davew/Library/TinyTeX/texmf-dist/fonts/type1/public/lm/lmri10.pfb></Users/davew/Library/TinyTeX/texmf-dist/fonts/type1/public/lm/lmri8.pfb></Users/davew/Library/TinyTeX/texmf-dist/fonts/type1/public/lm/lmro10.pfb></Users/davew/Library/TinyTeX/texmf-dist/fonts/type1/public/lm/lmsy10.pfb></Users/davew/Library/TinyTeX/texmf-dist/fonts/type1/public/lm/lmsy5.pfb></Users/davew/Library/TinyTeX/texmf-dist/fonts/type1/public/lm/lmsy6.pfb></Users/davew/Library/TinyTeX/texmf-dist/fonts/type1/public/lm/lmsy7.pfb></Users/davew/Library/TinyTeX/texmf-dist/fonts/type1/public/lm/lmsy8.pfb></Users/davew/Library/TinyTeX/texmf-dist/fonts/type1/public/lm/lmtk10.pfb></Users/davew/Library/TinyTeX/texmf-dist/fonts/type1/public/lm/lmtko10.pfb></Users/davew/Library/TinyTeX/texmf-dist/fonts/type1/public/lm/lmtt10.pfb></Users/davew/Library/TinyTeX/texmf-dist/fonts/type1/public/lm/lmtt8.pfb></Users/davew/Library/TinyTeX/texmf-dist/fonts/type1/public/lm/lmtti10.pfb></Users/davew/Library/TinyTeX/texmf-dist/fonts/type1/public/amsfonts/symbols/msbm10.pfb>
Output written on bookdown_math3014-6027.pdf (165 pages, 3874054 bytes).
PDF statistics:
 2282 PDF objects out of 2487 (max. 8388607)
 1949 compressed objects within 20 object streams
 725 named destinations out of 1000 (max. 500000)
 68062 words of extra memory for PDF output out of 74296 (max. 10000000)

